c:\users\administrator\source\repos\imginfo\imginfo\x64\debug\vc145.pdb
c:\users\administrator\source\repos\imginfo\imginfo\x64\debug\vc145.idb
c:\users\administrator\source\repos\imginfo\imginfo\x64\debug\imagemetareader.obj
c:\users\administrator\source\repos\imginfo\imginfo\x64\debug\main.obj
c:\users\administrator\source\repos\imginfo\imginfo\x64\debug\maindialog.obj
c:\users\administrator\source\repos\imginfo\x64\debug\exiv2.dll
c:\users\administrator\source\repos\imginfo\imginfo\x64\debug\imginfo.res
c:\users\administrator\source\repos\imginfo\imginfo\x64\debug\imginfo.ilk
c:\users\administrator\source\repos\imginfo\x64\debug\imginfo.pdb
c:\users\administrator\source\repos\imginfo\imginfo\x64\debug\imginfo.tlog\cl.command.1.tlog
c:\users\administrator\source\repos\imginfo\imginfo\x64\debug\imginfo.tlog\cl.items.tlog
c:\users\administrator\source\repos\imginfo\imginfo\x64\debug\imginfo.tlog\cl.read.1.tlog
c:\users\administrator\source\repos\imginfo\imginfo\x64\debug\imginfo.tlog\cl.write.1.tlog
c:\users\administrator\source\repos\imginfo\imginfo\x64\debug\imginfo.tlog\imginfo.write.1u.tlog
c:\users\administrator\source\repos\imginfo\imginfo\x64\debug\imginfo.tlog\link.26064-cvtres.read.1.tlog
c:\users\administrator\source\repos\imginfo\imginfo\x64\debug\imginfo.tlog\link.26064-cvtres.write.1.tlog
c:\users\administrator\source\repos\imginfo\imginfo\x64\debug\imginfo.tlog\link.26064-rc.read.1.tlog
c:\users\administrator\source\repos\imginfo\imginfo\x64\debug\imginfo.tlog\link.26064-rc.write.1.tlog
c:\users\administrator\source\repos\imginfo\imginfo\x64\debug\imginfo.tlog\link.26064.read.1.tlog
c:\users\administrator\source\repos\imginfo\imginfo\x64\debug\imginfo.tlog\link.26064.read.2.tlog
c:\users\administrator\source\repos\imginfo\imginfo\x64\debug\imginfo.tlog\link.26064.write.1.tlog
c:\users\administrator\source\repos\imginfo\imginfo\x64\debug\imginfo.tlog\link.command.1.tlog
c:\users\administrator\source\repos\imginfo\imginfo\x64\debug\imginfo.tlog\link.read.1.tlog
c:\users\administrator\source\repos\imginfo\imginfo\x64\debug\imginfo.tlog\link.secondary.1.tlog
c:\users\administrator\source\repos\imginfo\imginfo\x64\debug\imginfo.tlog\link.write.1.tlog
c:\users\administrator\source\repos\imginfo\imginfo\x64\debug\imginfo.tlog\rc.command.1.tlog
c:\users\administrator\source\repos\imginfo\imginfo\x64\debug\imginfo.tlog\rc.read.1.tlog
c:\users\administrator\source\repos\imginfo\imginfo\x64\debug\imginfo.tlog\rc.write.1.tlog
